cabal: Entering directory '.'
Warning: SchdgerEngine.cabal: Unexpected section 'ghc-options' on line 18
Configuring SchdgerEngine-0.0.2.0...
Warning: For packages using 'cabal-version: >= 1.10' the 'extensions' field is
deprecated. The new 'default-extensions' field lists extensions that are used
in all modules in the component, while the 'other-extensions' field lists
extensions that are used in some modules, e.g. via the {-# LANGUAGE #-}
pragma.
Building SchdgerEngine-0.0.2.0...
Preprocessing library SchdgerEngine-0.0.2.0...
Running Haddock for SchdgerEngine-0.0.2.0...
Preprocessing library SchdgerEngine-0.0.2.0...

Interface.hs:5:1: warning: [-Wtabs]
    Tab character found here, and in five further locations.
    Please use spaces instead.
Haddock coverage:
   0% (  0 /  5) in 'Foreign.HaPy.Internal'
  Missing documentation for:
    Module header
    sizeOfList (Foreign/HaPy/Internal.hs:25)
    peekList (Foreign/HaPy/Internal.hs:29)
    pokeList (Foreign/HaPy/Internal.hs:34)
    copyList (Foreign/HaPy/Internal.hs:39)
  20% (  1 /  5) in 'Foreign.HaPy'
  Missing documentation for:
    Module header
    initHaPy (Foreign/HaPy.hs:130)
    pythonExport (Foreign/HaPy.hs:124)
    __exportInfo (Foreign/HaPy.hs:31)
   0% (  0 /  5) in 'SchdgerEngine'
  Missing documentation for:
    Module header
    double (SchdgerEngine.hs:5)
    laplace (SchdgerEngine.hs:8)
    schrodinger (SchdgerEngine.hs:14)
    solve (SchdgerEngine.hs:36)
   0% (  0 /  8) in 'Interface'
  Missing documentation for:
    Module header
    __free (Interface.hs:8)
    laplace__export (Interface.hs:10)
    laplace__info (Interface.hs:10)
    schrodinger__export (Interface.hs:11)
    schrodinger__info (Interface.hs:11)
    solve__export (Interface.hs:12)
    solve__info (Interface.hs:12)
Documentation created:
dist/dist-sandbox-a541b2ae/doc/html/SchdgerEngine/index.html
Creating package registration file:
/var/folders/sg/pn964_4n0ql5zbshcww1tr3m0000gn/T/pkgConf-SchdgerEngine-0.0.21010275441457850878.0
Installing library in
/Users/David/Public/SchdgerEq/.cabal-sandbox/lib/x86_64-osx-ghc-8.0.1/SchdgerEngine-0.0.2.0-58I1cgPrB4V6IbmSvo2Abe
Registering SchdgerEngine-0.0.2.0...
cabal: Leaving directory '.'
